<?xml version="1.0" encoding="UTF-8"?>
<!-- Generated by org.testng.reporters.JUnitReportReporter -->
<testsuite hostname="Ankur" name="com.core.ddf.NoBroker.testcases.Shortlist" tests="2" failures="0" timestamp="5 Mar 2017 21:09:49 GMT" time="114.369" errors="0">
  <testcase name="addremoveShortlist" time="55.082" classname="com.core.ddf.NoBroker.testcases.Shortlist"/>
  <testcase name="addremoveShortlist" time="59.287" classname="com.core.ddf.NoBroker.testcases.Shortlist"/>
</testsuite> <!-- com.core.ddf.NoBroker.testcases.Shortlist -->
