<?xml version="1.0" encoding="UTF-8"?>
<!-- Generated by org.testng.reporters.JUnitReportReporter -->
<testsuite hostname="Ankur" name="com.core.ddf.NoBroker.testcases.ShortlistTest" tests="2" failures="0" timestamp="7 Mar 2017 02:23:44 GMT" time="89.264" errors="0">
  <testcase name="addremoveShortlist" time="45.811" classname="com.core.ddf.NoBroker.testcases.ShortlistTest"/>
  <testcase name="addremoveShortlist" time="43.453" classname="com.core.ddf.NoBroker.testcases.ShortlistTest"/>
</testsuite> <!-- com.core.ddf.NoBroker.testcases.ShortlistTest -->
